\BOOKMARK [1][-]{Section.0.Introduction.1}{Introduction}{}% 1
\BOOKMARK [1][-]{Section.1.Methods.1}{Methods}{}% 2
\BOOKMARK [2][-]{Subsection.2.0.Sequences and sequence analysis.2}{Sequences and sequence analysis}{Section.1.Methods.1}% 3
\BOOKMARK [2][-]{Subsection.2.1.Hidden Markov models.2}{Hidden Markov models}{Section.1.Methods.1}% 4
\BOOKMARK [3][-]{Subsubsection.2.2.0.HMM for multiple sequences.3}{HMM for multiple sequences}{Subsection.2.1.Hidden Markov models.2}% 5
\BOOKMARK [3][-]{Subsubsection.2.2.1.HMM for multichannel sequences.3}{HMM for multichannel sequences}{Subsection.2.1.Hidden Markov models.2}% 6
\BOOKMARK [3][-]{Subsubsection.2.2.2.Missing data.3}{Missing data}{Subsection.2.1.Hidden Markov models.2}% 7
\BOOKMARK [3][-]{Subsubsection.2.2.3.Log-likelihood and parameter estimation.3}{Log-likelihood and parameter estimation}{Subsection.2.1.Hidden Markov models.2}% 8
\BOOKMARK [3][-]{Subsubsection.2.2.4.Inference on hidden states.3}{Inference on hidden states}{Subsection.2.1.Hidden Markov models.2}% 9
\BOOKMARK [3][-]{Subsubsection.2.2.5.Model comparison.3}{Model comparison}{Subsection.2.1.Hidden Markov models.2}% 10
\BOOKMARK [2][-]{Subsection.2.2.Clustering by mixture hidden Markov models.2}{Clustering by mixture hidden Markov models}{Section.1.Methods.1}% 11
\BOOKMARK [3][-]{Subsubsection.2.3.0.Mixture hidden Markov model.3}{Mixture hidden Markov model}{Subsection.2.2.Clustering by mixture hidden Markov models.2}% 12
\BOOKMARK [3][-]{Subsubsection.2.3.1.Covariates and cluster probabilities.3}{Covariates and cluster probabilities}{Subsection.2.2.Clustering by mixture hidden Markov models.2}% 13
\BOOKMARK [2][-]{Subsection.2.3.Important special cases.2}{Important special cases}{Section.1.Methods.1}% 14
\BOOKMARK [3][-]{Subsubsection.2.4.0.Markov model.3}{Markov model}{Subsection.2.3.Important special cases.2}% 15
\BOOKMARK [3][-]{Subsubsection.2.4.1.Mixture Markov model.3}{Mixture Markov model}{Subsection.2.3.Important special cases.2}% 16
\BOOKMARK [3][-]{Subsubsection.2.4.2.Latent class model.3}{Latent class model}{Subsection.2.3.Important special cases.2}% 17
\BOOKMARK [1][-]{Section.2.Package features.1}{Package features}{}% 18
\BOOKMARK [2][-]{Subsection.3.0.Building and fitting models.2}{Building and fitting models}{Section.2.Package features.1}% 19
\BOOKMARK [3][-]{Subsubsection.3.1.0.State and model inference.3}{State and model inference}{Subsection.3.0.Building and fitting models.2}% 20
\BOOKMARK [2][-]{Subsection.3.1.Visualizing sequence data.2}{Visualizing sequence data}{Section.2.Package features.1}% 21
\BOOKMARK [2][-]{Subsection.3.2.Visualizing hidden Markov models.2}{Visualizing hidden Markov models}{Section.2.Package features.1}% 22
\BOOKMARK [1][-]{Section.3.Examples with life course data.1}{Examples with life course data}{}% 23
\BOOKMARK [2][-]{Subsection.4.0.Sequence data.2}{Sequence data}{Section.3.Examples with life course data.1}% 24
\BOOKMARK [3][-]{Subsubsection.4.1.0.Figure 2: Plotting state distributions.3}{Figure 2: Plotting state distributions}{Subsection.4.0.Sequence data.2}% 25
\BOOKMARK [3][-]{Subsubsection.4.1.1.Figure 1: Plotting sequences.3}{Figure 1: Plotting sequences}{Subsection.4.0.Sequence data.2}% 26
\BOOKMARK [3][-]{Subsubsection.4.1.2.Figure 3: Plotting sequence data in a grid.3}{Figure 3: Plotting sequence data in a grid}{Subsection.4.0.Sequence data.2}% 27
\BOOKMARK [2][-]{Subsection.4.1.Hidden Markov models.2}{Hidden Markov models}{Section.3.Examples with life course data.1}% 28
\BOOKMARK [2][-]{Subsection.4.2.Clustering and mixture hidden Markov models.2}{Clustering and mixture hidden Markov models}{Section.3.Examples with life course data.1}% 29
\BOOKMARK [2][-]{Subsection.4.3.Visualizing hidden Markov models.2}{Visualizing hidden Markov models}{Section.3.Examples with life course data.1}% 30
\BOOKMARK [3][-]{Subsubsection.4.4.0.Figure 4.3}{Figure 4}{Subsection.4.3.Visualizing hidden Markov models.2}% 31
\BOOKMARK [3][-]{Subsubsection.4.4.1.Figure 5.3}{Figure 5}{Subsection.4.3.Visualizing hidden Markov models.2}% 32
\BOOKMARK [2][-]{Subsection.4.4.Visualizing mixture hidden Markov models.2}{Visualizing mixture hidden Markov models}{Section.3.Examples with life course data.1}% 33
\BOOKMARK [1][-]{Section.4.Conclusion.1}{Conclusion}{}% 34
\BOOKMARK [1][-]{Section..Notations.1}{Notations}{}% 35
