This is pdfTeX, Version 3.14159265-2.6-1.40.16 (TeX Live 2015) (preloaded format=pdflatex 2015.12.2)  14 DEC 2015 09:57
entering extended mode
 restricted \write18 enabled.
 %&-line parsing enabled.
**seqHMM.tex
(./seqHMM.tex
LaTeX2e <2015/10/01> patch level 2
Babel <3.9m> and hyphenation patterns for 79 languages loaded.
(/usr/local/texlive/2014/texmf-dist/tex/latex/base/article.cls
Document Class: article 2014/09/29 v1.4h Standard LaTeX document class
(/usr/local/texlive/2014/texmf-dist/tex/latex/base/size12.clo
File: size12.clo 2014/09/29 v1.4h Standard LaTeX file (size option)
)
\c@part=\count79
\c@section=\count80
\c@subsection=\count81
\c@subsubsection=\count82
\c@paragraph=\count83
\c@subparagraph=\count84
\c@figure=\count85
\c@table=\count86
\abovecaptionskip=\skip41
\belowcaptionskip=\skip42
\bibindent=\dimen102
)
(/usr/local/texlive/2014/texmf-dist/tex/latex/graphics/graphicx.sty
Package: graphicx 2014/10/28 v1.0g Enhanced LaTeX Graphics (DPC,SPQR)

(/usr/local/texlive/2014/texmf-dist/tex/latex/graphics/keyval.sty
Package: keyval 2014/10/28 v1.15 key=value parser (DPC)
\KV@toks@=\toks14
)
(/usr/local/texlive/2014/texmf-dist/tex/latex/graphics/graphics.sty
Package: graphics 2014/10/28 v1.0p Standard LaTeX Graphics (DPC,SPQR)

(/usr/local/texlive/2014/texmf-dist/tex/latex/graphics/trig.sty
Package: trig 1999/03/16 v1.09 sin cos tan (DPC)
)
(/usr/local/texlive/2014/texmf-dist/tex/latex/latexconfig/graphics.cfg
File: graphics.cfg 2010/04/23 v1.9 graphics configuration of TeX Live
)
Package graphics Info: Driver file: pdftex.def on input line 94.

(/usr/local/texlive/2014/texmf-dist/tex/latex/pdftex-def/pdftex.def
File: pdftex.def 2011/05/27 v0.06d Graphics/color for pdfTeX

(/usr/local/texlive/2014/texmf-dist/tex/generic/oberdiek/infwarerr.sty
Package: infwarerr 2010/04/08 v1.3 Providing info/warning/error messages (HO)
)
(/usr/local/texlive/2014/texmf-dist/tex/generic/oberdiek/ltxcmds.sty
Package: ltxcmds 2011/11/09 v1.22 LaTeX kernel commands for general use (HO)
)
\Gread@gobject=\count87
))
\Gin@req@height=\dimen103
\Gin@req@width=\dimen104
)
(/usr/local/texlive/2014/texmf-dist/tex/latex/graphics/color.sty
Package: color 2014/10/28 v1.1a Standard LaTeX Color (DPC)

(/usr/local/texlive/2014/texmf-dist/tex/latex/latexconfig/color.cfg
File: color.cfg 2007/01/18 v1.5 color configuration of teTeX/TeXLive
)
Package color Info: Driver file: pdftex.def on input line 142.
)
(/usr/local/texlive/2014/texmf-dist/tex/latex/framed/framed.sty
Package: framed 2011/10/22 v 0.96: framed or shaded text with page breaks
\OuterFrameSep=\skip43
\fb@frw=\dimen105
\fb@frh=\dimen106
\FrameRule=\dimen107
\FrameSep=\dimen108
)
(/usr/local/texlive/2014/texmf-dist/tex/latex/base/alltt.sty
Package: alltt 1997/06/16 v2.0g defines alltt environment
)
(/usr/local/texlive/2014/texmf-dist/tex/latex/psnfss/mathpazo.sty
Package: mathpazo 2005/04/12 PSNFSS-v9.2a Palatino w/ Pazo Math (D.Puga, WaS) 
\symupright=\mathgroup4
)
(/usr/local/texlive/2014/texmf-dist/tex/latex/base/textcomp.sty
Package: textcomp 2005/09/27 v1.99g Standard LaTeX package
Package textcomp Info: Sub-encoding information:
(textcomp)               5 = only ISO-Adobe without \textcurrency
(textcomp)               4 = 5 + \texteuro
(textcomp)               3 = 4 + \textohm
(textcomp)               2 = 3 + \textestimated + \textcurrency
(textcomp)               1 = TS1 - \textcircled - \t
(textcomp)               0 = TS1 (full)
(textcomp)             Font families with sub-encoding setting implement
(textcomp)             only a restricted character set as indicated.
(textcomp)             Family '?' is the default used for unknown fonts.
(textcomp)             See the documentation for details.
Package textcomp Info: Setting ? sub-encoding to TS1/1 on input line 79.

(/usr/local/texlive/2014/texmf-dist/tex/latex/base/ts1enc.def
File: ts1enc.def 2001/06/05 v3.0e (jk/car/fm) Standard LaTeX file
)
LaTeX Info: Redefining \oldstylenums on input line 334.
Package textcomp Info: Setting cmr sub-encoding to TS1/0 on input line 349.
Package textcomp Info: Setting cmss sub-encoding to TS1/0 on input line 350.
Package textcomp Info: Setting cmtt sub-encoding to TS1/0 on input line 351.
Package textcomp Info: Setting cmvtt sub-encoding to TS1/0 on input line 352.
Package textcomp Info: Setting cmbr sub-encoding to TS1/0 on input line 353.
Package textcomp Info: Setting cmtl sub-encoding to TS1/0 on input line 354.
Package textcomp Info: Setting ccr sub-encoding to TS1/0 on input line 355.
Package textcomp Info: Setting ptm sub-encoding to TS1/4 on input line 356.
Package textcomp Info: Setting pcr sub-encoding to TS1/4 on input line 357.
Package textcomp Info: Setting phv sub-encoding to TS1/4 on input line 358.
Package textcomp Info: Setting ppl sub-encoding to TS1/3 on input line 359.
Package textcomp Info: Setting pag sub-encoding to TS1/4 on input line 360.
Package textcomp Info: Setting pbk sub-encoding to TS1/4 on input line 361.
Package textcomp Info: Setting pnc sub-encoding to TS1/4 on input line 362.
Package textcomp Info: Setting pzc sub-encoding to TS1/4 on input line 363.
Package textcomp Info: Setting bch sub-encoding to TS1/4 on input line 364.
Package textcomp Info: Setting put sub-encoding to TS1/5 on input line 365.
Package textcomp Info: Setting uag sub-encoding to TS1/5 on input line 366.
Package textcomp Info: Setting ugq sub-encoding to TS1/5 on input line 367.
Package textcomp Info: Setting ul8 sub-encoding to TS1/4 on input line 368.
Package textcomp Info: Setting ul9 sub-encoding to TS1/4 on input line 369.
Package textcomp Info: Setting augie sub-encoding to TS1/5 on input line 370.
Package textcomp Info: Setting dayrom sub-encoding to TS1/3 on input line 371.
Package textcomp Info: Setting dayroms sub-encoding to TS1/3 on input line 372.

Package textcomp Info: Setting pxr sub-encoding to TS1/0 on input line 373.
Package textcomp Info: Setting pxss sub-encoding to TS1/0 on input line 374.
Package textcomp Info: Setting pxtt sub-encoding to TS1/0 on input line 375.
Package textcomp Info: Setting txr sub-encoding to TS1/0 on input line 376.
Package textcomp Info: Setting txss sub-encoding to TS1/0 on input line 377.
Package textcomp Info: Setting txtt sub-encoding to TS1/0 on input line 378.
Package textcomp Info: Setting lmr sub-encoding to TS1/0 on input line 379.
Package textcomp Info: Setting lmdh sub-encoding to TS1/0 on input line 380.
Package textcomp Info: Setting lmss sub-encoding to TS1/0 on input line 381.
Package textcomp Info: Setting lmssq sub-encoding to TS1/0 on input line 382.
Package textcomp Info: Setting lmvtt sub-encoding to TS1/0 on input line 383.
Package textcomp Info: Setting lmtt sub-encoding to TS1/0 on input line 384.
Package textcomp Info: Setting qhv sub-encoding to TS1/0 on input line 385.
Package textcomp Info: Setting qag sub-encoding to TS1/0 on input line 386.
Package textcomp Info: Setting qbk sub-encoding to TS1/0 on input line 387.
Package textcomp Info: Setting qcr sub-encoding to TS1/0 on input line 388.
Package textcomp Info: Setting qcs sub-encoding to TS1/0 on input line 389.
Package textcomp Info: Setting qpl sub-encoding to TS1/0 on input line 390.
Package textcomp Info: Setting qtm sub-encoding to TS1/0 on input line 391.
Package textcomp Info: Setting qzc sub-encoding to TS1/0 on input line 392.
Package textcomp Info: Setting qhvc sub-encoding to TS1/0 on input line 393.
Package textcomp Info: Setting futs sub-encoding to TS1/4 on input line 394.
Package textcomp Info: Setting futx sub-encoding to TS1/4 on input line 395.
Package textcomp Info: Setting futj sub-encoding to TS1/4 on input line 396.
Package textcomp Info: Setting hlh sub-encoding to TS1/3 on input line 397.
Package textcomp Info: Setting hls sub-encoding to TS1/3 on input line 398.
Package textcomp Info: Setting hlst sub-encoding to TS1/3 on input line 399.
Package textcomp Info: Setting hlct sub-encoding to TS1/5 on input line 400.
Package textcomp Info: Setting hlx sub-encoding to TS1/5 on input line 401.
Package textcomp Info: Setting hlce sub-encoding to TS1/5 on input line 402.
Package textcomp Info: Setting hlcn sub-encoding to TS1/5 on input line 403.
Package textcomp Info: Setting hlcw sub-encoding to TS1/5 on input line 404.
Package textcomp Info: Setting hlcf sub-encoding to TS1/5 on input line 405.
Package textcomp Info: Setting pplx sub-encoding to TS1/3 on input line 406.
Package textcomp Info: Setting pplj sub-encoding to TS1/3 on input line 407.
Package textcomp Info: Setting ptmx sub-encoding to TS1/4 on input line 408.
Package textcomp Info: Setting ptmj sub-encoding to TS1/4 on input line 409.
)
(/usr/local/texlive/2014/texmf-dist/tex/latex/amsmath/amsmath.sty
Package: amsmath 2013/01/14 v2.14 AMS math features
\@mathmargin=\skip44

For additional information on amsmath, use the `?' option.
(/usr/local/texlive/2014/texmf-dist/tex/latex/amsmath/amstext.sty
Package: amstext 2000/06/29 v2.01

(/usr/local/texlive/2014/texmf-dist/tex/latex/amsmath/amsgen.sty
File: amsgen.sty 1999/11/30 v2.0
\@emptytoks=\toks15
\ex@=\dimen109
))
(/usr/local/texlive/2014/texmf-dist/tex/latex/amsmath/amsbsy.sty
Package: amsbsy 1999/11/29 v1.2d
\pmbraise@=\dimen110
)
(/usr/local/texlive/2014/texmf-dist/tex/latex/amsmath/amsopn.sty
Package: amsopn 1999/12/14 v2.01 operator names
)
\inf@bad=\count88
LaTeX Info: Redefining \frac on input line 210.
\uproot@=\count89
\leftroot@=\count90
LaTeX Info: Redefining \overline on input line 306.
\classnum@=\count91
\DOTSCASE@=\count92
LaTeX Info: Redefining \ldots on input line 378.
LaTeX Info: Redefining \dots on input line 381.
LaTeX Info: Redefining \cdots on input line 466.
\Mathstrutbox@=\box26
\strutbox@=\box27
\big@size=\dimen111
LaTeX Font Info:    Redeclaring font encoding OML on input line 566.
LaTeX Font Info:    Redeclaring font encoding OMS on input line 567.
\macc@depth=\count93
\c@MaxMatrixCols=\count94
\dotsspace@=\muskip10
\c@parentequation=\count95
\dspbrk@lvl=\count96
\tag@help=\toks16
\row@=\count97
\column@=\count98
\maxfields@=\count99
\andhelp@=\toks17
\eqnshift@=\dimen112
\alignsep@=\dimen113
\tagshift@=\dimen114
\tagwidth@=\dimen115
\totwidth@=\dimen116
\lineht@=\dimen117
\@envbody=\toks18
\multlinegap=\skip45
\multlinetaggap=\skip46
\mathdisplay@stack=\toks19
LaTeX Info: Redefining \[ on input line 2665.
LaTeX Info: Redefining \] on input line 2666.
)
(/usr/local/texlive/2014/texmf-dist/tex/latex/psfrag/psfrag.sty
Package: psfrag 1998/04/11 v3.04 PSfrag (MCG)
\pfg@pcount=\count100
\pfg@scount=\count101
\pfg@temp=\write3
)
(/usr/local/texlive/2014/texmf-dist/tex/generic/epsf/epsf.sty
This is `epsf.tex' v2.7.4 <14 February 2011>
\epsffilein=\read1
\epsfframemargin=\dimen118
\epsfframethickness=\dimen119
\epsfrsize=\dimen120
\epsftmp=\dimen121
\epsftsize=\dimen122
\epsfxsize=\dimen123
\epsfysize=\dimen124
\pspoints=\dimen125
) (/usr/local/texlive/2014/texmf-dist/tex/latex/tools/enumerate.sty
Package: enumerate 2015/07/23 v3.00 enumerate extensions (DPC)
\@enLab=\toks20
)
(/usr/local/texlive/2014/texmf-dist/tex/latex/natbib/natbib.sty
Package: natbib 2010/09/13 8.31b (PWD, AO)
\bibhang=\skip47
\bibsep=\skip48
LaTeX Info: Redefining \cite on input line 694.
\c@NAT@ctr=\count102
)
(/usr/local/texlive/2014/texmf-dist/tex/latex/url/url.sty
\Urlmuskip=\muskip11
Package: url 2013/09/16  ver 3.4  Verb mode for urls, etc.
)
(/usr/local/texlive/2014/texmf-dist/tex/latex/base/makeidx.sty
Package: makeidx 2014/09/29 v1.0m Standard LaTeX package
)
(/usr/local/texlive/2014/texmf-dist/tex/latex/tocbibind/tocbibind.sty
Package: tocbibind 2010/10/13 v1.5k extra ToC listings
Package tocbibind Info: The document has section divisions on input line 50.


Package tocbibind Note: Using section or other style headings.

) (/usr/local/texlive/2014/texmf-dist/tex/latex/hyperref/hyperref.sty
Package: hyperref 2012/11/06 v6.83m Hypertext links for LaTeX

(/usr/local/texlive/2014/texmf-dist/tex/generic/oberdiek/hobsub-hyperref.sty
Package: hobsub-hyperref 2012/05/28 v1.13 Bundle oberdiek, subset hyperref (HO)


(/usr/local/texlive/2014/texmf-dist/tex/generic/oberdiek/hobsub-generic.sty
Package: hobsub-generic 2012/05/28 v1.13 Bundle oberdiek, subset generic (HO)
Package: hobsub 2012/05/28 v1.13 Construct package bundles (HO)
Package hobsub Info: Skipping package `infwarerr' (already loaded).
Package hobsub Info: Skipping package `ltxcmds' (already loaded).
Package: ifluatex 2010/03/01 v1.3 Provides the ifluatex switch (HO)
Package ifluatex Info: LuaTeX not detected.
Package: ifvtex 2010/03/01 v1.5 Detect VTeX and its facilities (HO)
Package ifvtex Info: VTeX not detected.
Package: intcalc 2007/09/27 v1.1 Expandable calculations with integers (HO)
Package: ifpdf 2011/01/30 v2.3 Provides the ifpdf switch (HO)
Package ifpdf Info: pdfTeX in PDF mode is detected.
Package: etexcmds 2011/02/16 v1.5 Avoid name clashes with e-TeX commands (HO)
Package etexcmds Info: Could not find \expanded.
(etexcmds)             That can mean that you are not using pdfTeX 1.50 or
(etexcmds)             that some package has redefined \expanded.
(etexcmds)             In the latter case, load this package earlier.
Package: kvsetkeys 2012/04/25 v1.16 Key value parser (HO)
Package: kvdefinekeys 2011/04/07 v1.3 Define keys (HO)
Package: pdftexcmds 2011/11/29 v0.20 Utility functions of pdfTeX for LuaTeX (HO
)
Package pdftexcmds Info: LuaTeX not detected.
Package pdftexcmds Info: \pdf@primitive is available.
Package pdftexcmds Info: \pdf@ifprimitive is available.
Package pdftexcmds Info: \pdfdraftmode found.
Package: pdfescape 2011/11/25 v1.13 Implements pdfTeX's escape features (HO)
Package: bigintcalc 2012/04/08 v1.3 Expandable calculations on big integers (HO
)
Package: bitset 2011/01/30 v1.1 Handle bit-vector datatype (HO)
Package: uniquecounter 2011/01/30 v1.2 Provide unlimited unique counter (HO)
)
Package hobsub Info: Skipping package `hobsub' (already loaded).
Package: letltxmacro 2010/09/02 v1.4 Let assignment for LaTeX macros (HO)
Package: hopatch 2012/05/28 v1.2 Wrapper for package hooks (HO)
Package: xcolor-patch 2011/01/30 xcolor patch
Package: atveryend 2011/06/30 v1.8 Hooks at the very end of document (HO)
Package atveryend Info: \enddocument detected (standard20110627).
Package: atbegshi 2011/10/05 v1.16 At begin shipout hook (HO)
Package: refcount 2011/10/16 v3.4 Data extraction from label references (HO)
Package: hycolor 2011/01/30 v1.7 Color options for hyperref/bookmark (HO)
)
(/usr/local/texlive/2014/texmf-dist/tex/generic/ifxetex/ifxetex.sty
Package: ifxetex 2010/09/12 v0.6 Provides ifxetex conditional
)
(/usr/local/texlive/2014/texmf-dist/tex/latex/oberdiek/auxhook.sty
Package: auxhook 2011/03/04 v1.3 Hooks for auxiliary files (HO)
)
(/usr/local/texlive/2014/texmf-dist/tex/latex/oberdiek/kvoptions.sty
Package: kvoptions 2011/06/30 v3.11 Key value format for package options (HO)
)
\@linkdim=\dimen126
\Hy@linkcounter=\count103
\Hy@pagecounter=\count104

(/usr/local/texlive/2014/texmf-dist/tex/latex/hyperref/pd1enc.def
File: pd1enc.def 2012/11/06 v6.83m Hyperref: PDFDocEncoding definition (HO)
)
\Hy@SavedSpaceFactor=\count105

(/usr/local/texlive/2014/texmf-dist/tex/latex/latexconfig/hyperref.cfg
File: hyperref.cfg 2002/06/06 v1.2 hyperref configuration of TeXLive
)
Package hyperref Info: Hyper figures OFF on input line 4443.
Package hyperref Info: Link nesting OFF on input line 4448.
Package hyperref Info: Hyper index ON on input line 4451.
Package hyperref Info: Plain pages OFF on input line 4458.
Package hyperref Info: Backreferencing OFF on input line 4463.
Package hyperref Info: Implicit mode ON; LaTeX internals redefined.
Package hyperref Info: Bookmarks ON on input line 4688.
\c@Hy@tempcnt=\count106
LaTeX Info: Redefining \url on input line 5041.
\XeTeXLinkMargin=\dimen127
\Fld@menulength=\count107
\Field@Width=\dimen128
\Fld@charsize=\dimen129
Package hyperref Info: Hyper figures OFF on input line 6295.
Package hyperref Info: Link nesting OFF on input line 6300.
Package hyperref Info: Hyper index ON on input line 6303.
Package hyperref Info: backreferencing OFF on input line 6310.
Package hyperref Info: Link coloring OFF on input line 6315.
Package hyperref Info: Link coloring with OCG OFF on input line 6320.
Package hyperref Info: PDF/A mode OFF on input line 6325.
LaTeX Info: Redefining \ref on input line 6365.
LaTeX Info: Redefining \pageref on input line 6369.
\Hy@abspage=\count108
\c@Item=\count109
\c@Hfootnote=\count110
)

Package hyperref Message: Driver (autodetected): hpdftex.

(/usr/local/texlive/2014/texmf-dist/tex/latex/hyperref/hpdftex.def
File: hpdftex.def 2012/11/06 v6.83m Hyperref driver for pdfTeX
\Fld@listcount=\count111
\c@bookmark@seq@number=\count112

(/usr/local/texlive/2014/texmf-dist/tex/latex/oberdiek/rerunfilecheck.sty
Package: rerunfilecheck 2011/04/15 v1.7 Rerun checks for auxiliary files (HO)
Package uniquecounter Info: New unique counter `rerunfilecheck' on input line 2
82.
)
\Hy@SectionHShift=\skip49
)
Package hyperref Info: Option `colorlinks' set `true' on input line 76.
\@indexfile=\write4
\openout4 = `seqHMM.idx'.


Writing index file seqHMM.idx
(/usr/local/texlive/2014/texmf-dist/tex/latex/upquote/upquote.sty
Package: upquote 2012/04/19 v1.3 upright-quote and grave-accent glyphs in verba
tim
)
(./seqHMM.aux)
\openout1 = `seqHMM.aux'.

LaTeX Font Info:    Checking defaults for OML/cmm/m/it on input line 89.
LaTeX Font Info:    ... okay on input line 89.
LaTeX Font Info:    Checking defaults for T1/cmr/m/n on input line 89.
LaTeX Font Info:    ... okay on input line 89.
LaTeX Font Info:    Checking defaults for OT1/cmr/m/n on input line 89.
LaTeX Font Info:    ... okay on input line 89.
LaTeX Font Info:    Checking defaults for OMS/cmsy/m/n on input line 89.
LaTeX Font Info:    ... okay on input line 89.
LaTeX Font Info:    Checking defaults for OMX/cmex/m/n on input line 89.
LaTeX Font Info:    ... okay on input line 89.
LaTeX Font Info:    Checking defaults for U/cmr/m/n on input line 89.
LaTeX Font Info:    ... okay on input line 89.
LaTeX Font Info:    Checking defaults for TS1/cmr/m/n on input line 89.
LaTeX Font Info:    Try loading font information for TS1+cmr on input line 89.
 (/usr/local/texlive/2014/texmf-dist/tex/latex/base/ts1cmr.fd
File: ts1cmr.fd 2014/09/29 v2.5h Standard LaTeX font definitions
)
LaTeX Font Info:    ... okay on input line 89.
LaTeX Font Info:    Checking defaults for PD1/pdf/m/n on input line 89.
LaTeX Font Info:    ... okay on input line 89.
LaTeX Font Info:    Try loading font information for OT1+pplx on input line 89.


(/usr/local/texlive/2014/texmf-dist/tex/latex/psnfss/ot1pplx.fd
File: ot1pplx.fd 2004/09/06 font definitions for OT1/pplx.
)
(/usr/local/texlive/2014/texmf-dist/tex/context/base/supp-pdf.mkii
[Loading MPS to PDF converter (version 2006.09.02).]
\scratchcounter=\count113
\scratchdimen=\dimen130
\scratchbox=\box28
\nofMPsegments=\count114
\nofMParguments=\count115
\everyMPshowfont=\toks21
\MPscratchCnt=\count116
\MPscratchDim=\dimen131
\MPnumerator=\count117
\makeMPintoPDFobject=\count118
\everyMPtoPDFconversion=\toks22
) (/usr/local/texlive/2014/texmf-dist/tex/latex/oberdiek/epstopdf-base.sty
Package: epstopdf-base 2010/02/09 v2.5 Base part for package epstopdf

(/usr/local/texlive/2014/texmf-dist/tex/latex/oberdiek/grfext.sty
Package: grfext 2010/08/19 v1.1 Manage graphics extensions (HO)
)
Package grfext Info: Graphics extension search list:
(grfext)             [.png,.pdf,.jpg,.mps,.jpeg,.jbig2,.jb2,.PNG,.PDF,.JPG,.JPE
G,.JBIG2,.JB2,.eps]
(grfext)             \AppendGraphicsExtensions on input line 452.

(/usr/local/texlive/2014/texmf-dist/tex/latex/latexconfig/epstopdf-sys.cfg
File: epstopdf-sys.cfg 2010/07/13 v1.3 Configuration of (r)epstopdf for TeX Liv
e
))
\AtBeginShipoutBox=\box29
Package hyperref Info: Link coloring ON on input line 89.

(/usr/local/texlive/2014/texmf-dist/tex/latex/hyperref/nameref.sty
Package: nameref 2012/10/27 v2.43 Cross-referencing by name of section

(/usr/local/texlive/2014/texmf-dist/tex/generic/oberdiek/gettitlestring.sty
Package: gettitlestring 2010/12/03 v1.4 Cleanup title references (HO)
)
\c@section@level=\count119
)
LaTeX Info: Redefining \ref on input line 89.
LaTeX Info: Redefining \pageref on input line 89.
LaTeX Info: Redefining \nameref on input line 89.

(./seqHMM.out) (./seqHMM.out)
\@outlinefile=\write5
\openout5 = `seqHMM.out'.

LaTeX Font Info:    Font shape `OT1/pplx/bx/n' in size <20.74> not available
(Font)              Font shape `OT1/pplx/b/n' tried instead on input line 109.
LaTeX Font Info:    Font shape `OT1/cmtt/bx/n' in size <20.74> not available
(Font)              Font shape `OT1/cmtt/m/n' tried instead on input line 109.
LaTeX Font Info:    Font shape `OT1/pplx/bx/n' in size <14.4> not available
(Font)              Font shape `OT1/pplx/b/n' tried instead on input line 109.
LaTeX Font Info:    Try loading font information for OML+zplm on input line 109
.

(/usr/local/texlive/2014/texmf-dist/tex/latex/psnfss/omlzplm.fd
File: omlzplm.fd 2002/09/08 Fontinst v1.914 font definitions for OML/zplm.
)
LaTeX Font Info:    Try loading font information for OMS+zplm on input line 109
.

(/usr/local/texlive/2014/texmf-dist/tex/latex/psnfss/omszplm.fd
File: omszplm.fd 2002/09/08 Fontinst v1.914 font definitions for OMS/zplm.
)
LaTeX Font Info:    Try loading font information for OMX+zplm on input line 109
.

(/usr/local/texlive/2014/texmf-dist/tex/latex/psnfss/omxzplm.fd
File: omxzplm.fd 2002/09/08 Fontinst v1.914 font definitions for OMX/zplm.
)
LaTeX Font Info:    Try loading font information for OT1+zplm on input line 109
.

(/usr/local/texlive/2014/texmf-dist/tex/latex/psnfss/ot1zplm.fd
File: ot1zplm.fd 2002/09/08 Fontinst v1.914 font definitions for OT1/zplm.
)
Overfull \hbox (32.7199pt too wide) in paragraph at lines 109--109
 [][] 
 []

LaTeX Font Info:    Font shape `OT1/pplx/bx/n' in size <17.28> not available
(Font)              Font shape `OT1/pplx/b/n' tried instead on input line 110.
(./seqHMM.toc
LaTeX Font Info:    Font shape `OT1/pplx/bx/n' in size <12> not available
(Font)              Font shape `OT1/pplx/b/n' tried instead on input line 1.
)
\tf@toc=\write6
\openout6 = `seqHMM.toc'.

 [1
Non-PDF special ignored!

{/usr/local/texlive/2014/texmf-var/fonts/map/pdftex/updmap/pdftex.map}]
Package color Info: Redefining color shadecolor on input line 132.
 [2]
LaTeX Font Info:    Font shape `OT1/cmtt/bx/n' in size <12> not available
(Font)              Font shape `OT1/cmtt/m/n' tried instead on input line 134.
Package color Info: Redefining color shadecolor on input line 143.

Underfull \hbox (badness 10000) in paragraph at lines 155--156

 []


Underfull \hbox (badness 10000) in paragraph at lines 157--166

 []

[3]
Package color Info: Redefining color shadecolor on input line 176.
 [4]
Package color Info: Redefining color shadecolor on input line 204.
Package color Info: Redefining color shadecolor on input line 223.
 [5]
Package color Info: Redefining color shadecolor on input line 237.
 <figure/plotd-1.pdf, id=156, 361.35pt x 216.81pt>
File: figure/plotd-1.pdf Graphic file (type pdf)

<use figure/plotd-1.pdf>
Package pdftex.def Info: figure/plotd-1.pdf used on input line 244.
(pdftex.def)             Requested size: 361.34912pt x 216.80946pt.
Package color Info: Redefining color shadecolor on input line 257.
 [6 <./figure/plotd-1.pdf>]
<figure/plotI-1.pdf, id=169, 252.945pt x 216.81pt>
File: figure/plotI-1.pdf Graphic file (type pdf)
 <use figure/plotI-1.pdf>
Package pdftex.def Info: figure/plotI-1.pdf used on input line 269.
(pdftex.def)             Requested size: 252.94438pt x 216.81276pt.
Package color Info: Redefining color shadecolor on input line 286.

[7 <./figure/plotI-1.pdf>]
<figure/gridplotfm2-1.pdf, id=180, 505.89pt x 578.16pt>
File: figure/gridplotfm2-1.pdf Graphic file (type pdf)

<use figure/gridplotfm2-1.pdf>
Package pdftex.def Info: figure/gridplotfm2-1.pdf used on input line 321.
(pdftex.def)             Requested size: 462.26999pt x 528.31427pt.
 [8] [9 <./figure/gridplotfm2-1.pdf>]
Package color Info: Redefining color shadecolor on input line 335.

Overfull \hbox (0.85524pt too wide) in paragraph at lines 350--350
[]  []\OT1/cmtt/m/n/12 list[][](ssp_d, ssp_I),[] []ncol[] []=[] []2[][],[] []wi
thlegend[] []=[] []FALSE[][],[] []col.prop[] []=[] []c[][]([][]0.5[][],[] []0.5
[][]))[][] 
 []

<figure/gridplot2-1.pdf, id=197, 505.89pt x 216.81pt>
File: figure/gridplot2-1.pdf Graphic file (type pdf)

<use figure/gridplot2-1.pdf>
Package pdftex.def Info: figure/gridplot2-1.pdf used on input line 354.
(pdftex.def)             Requested size: 462.26999pt x 198.11784pt.
Package color Info: Redefining color shadecolor on input line 371.
 [10]
<figure/MCtSCdata-1.pdf, id=205, 505.89pt x 216.81pt>
File: figure/MCtSCdata-1.pdf Graphic file (type pdf)

<use figure/MCtSCdata-1.pdf>
Package pdftex.def Info: figure/MCtSCdata-1.pdf used on input line 382.
(pdftex.def)             Requested size: 462.26999pt x 198.11784pt.
LaTeX Font Info:    Try loading font information for TS1+pplx on input line 399
.

(/usr/local/texlive/2014/texmf-dist/tex/latex/psnfss/ts1pplx.fd
File: ts1pplx.fd 2004/09/06 font definitions for TS1/pplx.
) [11 <./figure/gridplot2-1.pdf>] [12 <./figure/MCtSCdata-1.pdf>]
Package color Info: Redefining color shadecolor on input line 440.
 [13]
Package color Info: Redefining color shadecolor on input line 466.
Package color Info: Redefining color shadecolor on input line 478.
 [14] [15]
Package color Info: Redefining color shadecolor on input line 501.
 [16]
Package color Info: Redefining color shadecolor on input line 534.
 [17]
Underfull \vbox (badness 10000) detected at line 579
 []


Underfull \vbox (badness 10000) detected at line 579
 []

[18]
Package color Info: Redefining color shadecolor on input line 589.
Package color Info: Redefining color shadecolor on input line 608.
Package color Info: Redefining color shadecolor on input line 626.

Overfull \hbox (4.20197pt too wide) in paragraph at lines 624--626
[]\OT1/pplx/m/n/12 Using only gradient-based op-ti-miza-tion with-out the ini-t
ial EM step pro-duces slightly
 []

[19]
Package color Info: Redefining color shadecolor on input line 640.
 [20]
Package color Info: Redefining color shadecolor on input line 665.
Package color Info: Redefining color shadecolor on input line 683.
Package color Info: Redefining color shadecolor on input line 695.
 [21] [22]
Package color Info: Redefining color shadecolor on input line 751.
Package color Info: Redefining color shadecolor on input line 764.
 <figure/plotHMM1-1.pdf, id=290, 505.89pt x 216.81pt>
File: figure/plotHMM1-1.pdf Graphic file (type pdf)

<use figure/plotHMM1-1.pdf>
Package pdftex.def Info: figure/plotHMM1-1.pdf used on input line 769.
(pdftex.def)             Requested size: 462.26999pt x 198.11784pt.
 [23]
Package color Info: Redefining color shadecolor on input line 778.

<figure/plotHMM2-1.pdf, id=300, 505.89pt x 216.81pt>
File: figure/plotHMM2-1.pdf Graphic file (type pdf)

<use figure/plotHMM2-1.pdf>
Package pdftex.def Info: figure/plotHMM2-1.pdf used on input line 786.
(pdftex.def)             Requested size: 462.26999pt x 198.11784pt.
Package color Info: Redefining color shadecolor on input line 797.
 [24 <./figure/plotHMM1-1.pdf>]
Overfull \hbox (0.85524pt too wide) in paragraph at lines 806--806
[]  []\OT1/cmtt/m/n/12 withlegend[] []=[] []"top"[][],[] []legend.prop[] []=[] 
[]0.3[][],[] []cex.legend[] []=[] []1.1[][],[] []ncol.legend[] []=[] []2[][],[]
[] 
 []

<figure/plotHMM3-1.pdf, id=315, 505.89pt x 361.35pt>
File: figure/plotHMM3-1.pdf Graphic file (type pdf)

<use figure/plotHMM3-1.pdf>
Package pdftex.def Info: figure/plotHMM3-1.pdf used on input line 810.
(pdftex.def)             Requested size: 462.26999pt x 330.19643pt.
Package color Info: Redefining color shadecolor on input line 819.
 [25 <./figure/plotHMM2-1.pdf>] [26 <./figure/plotHMM3-1.pdf>] <figure/plotColo
rs-1.pdf, id=338, 397.485pt x 216.81pt>
File: figure/plotColors-1.pdf Graphic file (type pdf)

<use figure/plotColors-1.pdf>
Package pdftex.def Info: figure/plotColors-1.pdf used on input line 826.
(pdftex.def)             Requested size: 397.48402pt x 216.81607pt.
Package color Info: Redefining color shadecolor on input line 835.

Overfull \hbox (13.20525pt too wide) in paragraph at lines 838--838
[]  []\OT1/cmtt/m/n/12 xtlab[] []=[] []15[][]:[][]30[][],[] []xlab[] []=[] []"A
ge"[][],[] []title[] []=[] []"Observed and hidden state sequences"[][])[][] 
 []

<figure/seqmppplot-1.pdf, id=339, 505.89pt x 397.485pt>
File: figure/seqmppplot-1.pdf Graphic file (type pdf)

<use figure/seqmppplot-1.pdf>
Package pdftex.def Info: figure/seqmppplot-1.pdf used on input line 841.
(pdftex.def)             Requested size: 462.26999pt x 363.21606pt.
 [27 <./figure/plotColors-1.pdf>] [28 <./figure/seqmppplot-1.pdf>] [29]
Package color Info: Redefining color shadecolor on input line 883.
 [30] [31]
Underfull \vbox (badness 10000) detected at line 1021
 []


Underfull \vbox (badness 10000) detected at line 1021
 []

[32]
Underfull \vbox (badness 10000) detected at line 1021
 []


Underfull \vbox (badness 10000) detected at line 1021
 []

[33]
Package color Info: Redefining color shadecolor on input line 1029.

Overfull \hbox (19.38025pt too wide) in paragraph at lines 1069--1069
[]\OT1/cmtt/m/n/12 ## Mean cluster probabilities (in columns) by the most proba
ble cluster (rows)[] 
 []

[34] [35]
Package color Info: Redefining color shadecolor on input line 1083.
 <figure/MHMMplot-1.pdf, id=394, 397.485pt x 505.89pt>
File: figure/MHMMplot-1.pdf Graphic file (type pdf)

<use figure/MHMMplot-1.pdf>
Package pdftex.def Info: figure/MHMMplot-1.pdf used on input line 1090.
(pdftex.def)             Requested size: 397.48402pt x 505.90417pt.
 [36]
Package color Info: Redefining color shadecolor on input line 1097.
 [37 <./figure/MHMMplot-1.pdf>]
<figure/MHMMssplot-1.pdf, id=412, 397.485pt x 361.35pt>
File: figure/MHMMssplot-1.pdf Graphic file (type pdf)

<use figure/MHMMssplot-1.pdf>
Package pdftex.def Info: figure/MHMMssplot-1.pdf used on input line 1102.
(pdftex.def)             Requested size: 397.48402pt x 361.36014pt.
 [38 <./figure/MHMMssplot-1.pdf>] (./seqHMM.bbl
Underfull \hbox (badness 2351) in paragraph at lines 23--26
[]\OT1/pplx/m/n/12 Johnson, S. G. (2014).  \OT1/pplx/m/it/12 The NLopt nonlinea
r-optimization pack-age\OT1/pplx/m/n/12 .  http://ab-
 []

) (./seqHMM.ind [39] [40


])
Package atveryend Info: Empty hook `BeforeClearDocument' on input line 1112.
Package atveryend Info: Empty hook `AfterLastShipout' on input line 1112.
 (./seqHMM.aux)
Package atveryend Info: Executing hook `AtVeryEndDocument' on input line 1112.
Package atveryend Info: Executing hook `AtEndAfterFileList' on input line 1112.

Package rerunfilecheck Info: File `seqHMM.out' has not changed.
(rerunfilecheck)             Checksum: 4A1E8FBCAECA2D5F13075DF45DC8A82F;1279.
Package atveryend Info: Empty hook `AtVeryVeryEnd' on input line 1112.
 ) 
Here is how much of TeX's memory you used:
 7204 strings out of 493054
 104713 string characters out of 6134766
 222448 words of memory out of 5000000
 10483 multiletter control sequences out of 15000+600000
 36174 words of font info for 94 fonts, out of 8000000 for 9000
 1141 hyphenation exceptions out of 8191
 29i,10n,28p,1178b,410s stack positions out of 5000i,500n,10000p,200000b,80000s
{/usr/local/texlive/2014/texmf-dist/fonts/enc/dvips/base/8r.enc}</usr/local/t
exlive/2014/texmf-dist/fonts/type1/public/amsfonts/cm/cmex10.pfb></usr/local/te
xlive/2014/texmf-dist/fonts/type1/public/amsfonts/cm/cmitt10.pfb></usr/local/te
xlive/2014/texmf-dist/fonts/type1/public/amsfonts/cm/cmr10.pfb></usr/local/texl
ive/2014/texmf-dist/fonts/type1/public/amsfonts/cm/cmsy10.pfb></usr/local/texli
ve/2014/texmf-dist/fonts/type1/public/amsfonts/cm/cmtt12.pfb></usr/local/texliv
e/2014/texmf-dist/fonts/type1/public/mathpazo/fplmr.pfb></usr/local/texlive/201
4/texmf-dist/fonts/type1/public/mathpazo/fplmri.pfb></usr/local/texlive/2014/te
xmf-dist/fonts/type1/urw/palatino/uplb8a.pfb></usr/local/texlive/2014/texmf-dis
t/fonts/type1/urw/palatino/uplr8a.pfb></usr/local/texlive/2014/texmf-dist/fonts
/type1/urw/palatino/uplri8a.pfb>
Output written on seqHMM.pdf (40 pages, 3110019 bytes).
PDF statistics:
 524 PDF objects out of 1000 (max. 8388607)
 443 compressed objects within 5 object streams
 87 named destinations out of 1000 (max. 500000)
 213 words of extra memory for PDF output out of 10000 (max. 10000000)

